[I 2025-05-20 18:15:06,278] A new study created in memory with name: no-name-09283068-f162-4861-9de0-42bdbe10630c
[W 2025-05-20 18:15:06,280] Trial 0 failed with parameters: {} because of the following error: TypeError("Trial.suggest_int() missing 1 required positional argument: 'high'").
Traceback (most recent call last):
  File "/scratch/phys/sin/sethih1/venv/masque_env/lib/python3.11/site-packages/optuna/study/_optimize.py", line 197, in _run_trial
    value_or_values = func(trial)
                      ^^^^^^^^^^^
  File "/home/sethih1/masque_new/ters_gen/hyperopt.py", line 97, in <lambda>
    study.optimize(lambda t: objective(t, config, device), n_trials = config.training.n_trials, n_jobs=config.training.n_jobs)
                             ^^^^^^^^^^^^^^^^^^^^^^^^^^^^
  File "/home/sethih1/masque_new/ters_gen/hyperopt.py", line 23, in objective
    batch_size = trial.suggest_int('batch_size', *config.training.batch_sizes)
                 ^^^^^^^^^^^^^^^^^^^^^^^^^^^^^^^^^^^^^^^^^^^^^^^^^^^^^^^^^^^^^
  File "/scratch/phys/sin/sethih1/venv/masque_env/lib/python3.11/site-packages/optuna/_convert_positional_args.py", line 134, in converter_wrapper
    return func(**kwargs)  # type: ignore[call-arg]
           ^^^^^^^^^^^^^^
TypeError: Trial.suggest_int() missing 1 required positional argument: 'high'
[W 2025-05-20 18:15:06,281] Trial 0 failed with value None.
Traceback (most recent call last):
  File "/home/sethih1/masque_new/ters_gen/hyperopt.py", line 106, in <module>
    main()
  File "/home/sethih1/masque_new/ters_gen/hyperopt.py", line 97, in main
    study.optimize(lambda t: objective(t, config, device), n_trials = config.training.n_trials, n_jobs=config.training.n_jobs)
  File "/scratch/phys/sin/sethih1/venv/masque_env/lib/python3.11/site-packages/optuna/study/study.py", line 475, in optimize
    _optimize(
  File "/scratch/phys/sin/sethih1/venv/masque_env/lib/python3.11/site-packages/optuna/study/_optimize.py", line 63, in _optimize
    _optimize_sequential(
  File "/scratch/phys/sin/sethih1/venv/masque_env/lib/python3.11/site-packages/optuna/study/_optimize.py", line 160, in _optimize_sequential
    frozen_trial = _run_trial(study, func, catch)
                   ^^^^^^^^^^^^^^^^^^^^^^^^^^^^^^
  File "/scratch/phys/sin/sethih1/venv/masque_env/lib/python3.11/site-packages/optuna/study/_optimize.py", line 248, in _run_trial
    raise func_err
  File "/scratch/phys/sin/sethih1/venv/masque_env/lib/python3.11/site-packages/optuna/study/_optimize.py", line 197, in _run_trial
    value_or_values = func(trial)
                      ^^^^^^^^^^^
  File "/home/sethih1/masque_new/ters_gen/hyperopt.py", line 97, in <lambda>
    study.optimize(lambda t: objective(t, config, device), n_trials = config.training.n_trials, n_jobs=config.training.n_jobs)
                             ^^^^^^^^^^^^^^^^^^^^^^^^^^^^
  File "/home/sethih1/masque_new/ters_gen/hyperopt.py", line 23, in objective
    batch_size = trial.suggest_int('batch_size', *config.training.batch_sizes)
                 ^^^^^^^^^^^^^^^^^^^^^^^^^^^^^^^^^^^^^^^^^^^^^^^^^^^^^^^^^^^^^
  File "/scratch/phys/sin/sethih1/venv/masque_env/lib/python3.11/site-packages/optuna/_convert_positional_args.py", line 134, in converter_wrapper
    return func(**kwargs)  # type: ignore[call-arg]
           ^^^^^^^^^^^^^^
TypeError: Trial.suggest_int() missing 1 required positional argument: 'high'
