2025-10-15 15:57:57,897 INFO    ThreadPoolExecutor-0_1:4187564 [wandb_setup.py:_flush():81] Current SDK version is 0.20.1
2025-10-15 15:57:57,897 INFO    ThreadPoolExecutor-0_1:4187564 [wandb_setup.py:_flush():81] Configure stats pid to 4187564
2025-10-15 15:57:57,897 INFO    ThreadPoolExecutor-0_1:4187564 [wandb_setup.py:_flush():81] Loading settings from /home/sethih1/.config/wandb/settings
2025-10-15 15:57:57,897 INFO    ThreadPoolExecutor-0_1:4187564 [wandb_setup.py:_flush():81] Loading settings from /home/sethih1/masque_new/ters_gen/wandb/settings
2025-10-15 15:57:57,897 INFO    ThreadPoolExecutor-0_1:4187564 [wandb_setup.py:_flush():81] Loading settings from environment variables
2025-10-15 15:57:57,897 INFO    ThreadPoolExecutor-0_1:4187564 [wandb_init.py:setup_run_log_directory():703] Logging user logs to /home/sethih1/masque_new/ters_gen/wandb/run-20251015_155757-dm34awmu/logs/debug.log
2025-10-15 15:57:57,897 INFO    ThreadPoolExecutor-0_1:4187564 [wandb_init.py:setup_run_log_directory():704] Logging internal logs to /home/sethih1/masque_new/ters_gen/wandb/run-20251015_155757-dm34awmu/logs/debug-internal.log
2025-10-15 15:57:57,897 INFO    ThreadPoolExecutor-0_1:4187564 [wandb_init.py:init():831] calling init triggers
2025-10-15 15:57:57,898 INFO    ThreadPoolExecutor-0_1:4187564 [wandb_init.py:init():836] wandb.init called with sweep_config: {}
config: {'_fields': {'model': att_channels_options:
- 16
- 32
- 64
filters_options:
- - 16
  - 32
  - 64
- - 16
  - 32
  - 64
  - 128
- - 16
  - 32
  - 64
  - 128
  - 256
- - 32
  - 64
  - 128
  - 256
  - 512
in_channels:
- 100
- 400
kernel_size_options:
- - 3
  - 3
  - 3
- - 3
  - 3
  - 3
  - 3
- - 3
  - 3
  - 3
  - 3
  - 3
- - 3
  - 3
  - 3
  - 3
  - 3
  - 3
out_channels: 1
type: AttentionUNet
, 'training': batch_sizes:
- 16
- 32
- 64
- 128
epochs: 50
gpu_ids:
- 0
learning_rates:
- 1.0e-05
- 0.001
loss_functions:
- dice_loss
n_jobs: 1
n_trials: 4
use_parallel: true
, 'data': augmentation:
- true
circle_radius: 5
split_by_id: 0
train_path: /scratch/phys/sin/sethih1/Extended_TERS_data/planar_oct_2025/planar_npz_1.0_split/train
val_path: /scratch/phys/sin/sethih1/Extended_TERS_data/planar_oct_2025/planar_npz_1.0_split/val
, 'save_path': '/scratch/phys/sin/sethih1/Extended_TERS_data/run_planar_oct_2025/models', 'log_path': '/scratch/phys/sin/sethih1/Extended_TERS_data/run_planar_oct_2025/run_logs'}, '_locked': False, '_type_safe': True, '_convert_dict': True, '_allow_dotted_keys': False, '_sort_keys': True, 'batch_size': 64, 'lr': 0.0001659100267364182, 'loss_fn': 'dice_loss', '_wandb': {}}
2025-10-15 15:57:57,898 INFO    ThreadPoolExecutor-0_1:4187564 [wandb_init.py:init():872] starting backend
2025-10-15 15:57:58,101 INFO    ThreadPoolExecutor-0_1:4187564 [wandb_init.py:init():875] sending inform_init request
2025-10-15 15:57:58,102 INFO    ThreadPoolExecutor-0_1:4187564 [wandb_init.py:init():883] backend started and connected
2025-10-15 15:57:58,103 INFO    ThreadPoolExecutor-0_1:4187564 [wandb_init.py:init():956] updated telemetry
2025-10-15 15:57:58,109 INFO    ThreadPoolExecutor-0_1:4187564 [wandb_init.py:init():980] communicating run to backend with 90.0 second timeout
2025-10-15 15:57:59,187 INFO    ThreadPoolExecutor-0_1:4187564 [wandb_init.py:init():1032] starting run threads in backend
2025-10-15 15:57:59,471 INFO    ThreadPoolExecutor-0_1:4187564 [wandb_run.py:_console_start():2453] atexit reg
2025-10-15 15:57:59,471 INFO    ThreadPoolExecutor-0_1:4187564 [wandb_run.py:_redirect():2301] redirect: wrap_raw
2025-10-15 15:57:59,472 INFO    ThreadPoolExecutor-0_1:4187564 [wandb_run.py:_redirect():2370] Wrapping output streams.
2025-10-15 15:57:59,472 INFO    ThreadPoolExecutor-0_1:4187564 [wandb_run.py:_redirect():2393] Redirects installed.
2025-10-15 15:57:59,478 INFO    ThreadPoolExecutor-0_1:4187564 [wandb_init.py:init():1078] run started, returning control to user process
2025-10-15 19:21:08,415 INFO    MsgRouterThr:4187564 [mailbox.py:close():129] [no run ID] Closing mailbox, abandoning 1 handles.
2025-10-15 19:21:08,893 WARNING MsgRouterThr:4187564 [router.py:message_loop():63] [no run ID] message_loop has been closed
Traceback (most recent call last):
  File "/scratch/phys/sin/sethih1/venv/masque_env/lib/python3.11/site-packages/wandb/sdk/interface/router_sock.py", line 27, in _read_message
    return self._sock_client.read_server_response(timeout=1)
           ^^^^^^^^^^^^^^^^^^^^^^^^^^^^^^^^^^^^^^^^^^^^^^^^^
  File "/scratch/phys/sin/sethih1/venv/masque_env/lib/python3.11/site-packages/wandb/sdk/lib/sock_client.py", line 235, in read_server_response
    data = self._read_packet_bytes(timeout=timeout)
           ^^^^^^^^^^^^^^^^^^^^^^^^^^^^^^^^^^^^^^^^
  File "/scratch/phys/sin/sethih1/venv/masque_env/lib/python3.11/site-packages/wandb/sdk/lib/sock_client.py", line 220, in _read_packet_bytes
    raise SockClientClosedError
wandb.sdk.lib.sock_client.SockClientClosedError

The above exception was the direct cause of the following exception:

Traceback (most recent call last):
  File "/scratch/phys/sin/sethih1/venv/masque_env/lib/python3.11/site-packages/wandb/sdk/interface/router.py", line 56, in message_loop
    msg = self._read_message()
          ^^^^^^^^^^^^^^^^^^^^
  File "/scratch/phys/sin/sethih1/venv/masque_env/lib/python3.11/site-packages/wandb/sdk/interface/router_sock.py", line 29, in _read_message
    raise MessageRouterClosedError from e
wandb.sdk.interface.router.MessageRouterClosedError
2025-10-15 19:21:08,893 WARNING MsgRouterThr:4187564 [router.py:message_loop():63] [no run ID] message_loop has been closed
Traceback (most recent call last):
  File "/scratch/phys/sin/sethih1/venv/masque_env/lib/python3.11/site-packages/wandb/sdk/interface/router_sock.py", line 27, in _read_message
    return self._sock_client.read_server_response(timeout=1)
           ^^^^^^^^^^^^^^^^^^^^^^^^^^^^^^^^^^^^^^^^^^^^^^^^^
  File "/scratch/phys/sin/sethih1/venv/masque_env/lib/python3.11/site-packages/wandb/sdk/lib/sock_client.py", line 235, in read_server_response
    data = self._read_packet_bytes(timeout=timeout)
           ^^^^^^^^^^^^^^^^^^^^^^^^^^^^^^^^^^^^^^^^
  File "/scratch/phys/sin/sethih1/venv/masque_env/lib/python3.11/site-packages/wandb/sdk/lib/sock_client.py", line 220, in _read_packet_bytes
    raise SockClientClosedError
wandb.sdk.lib.sock_client.SockClientClosedError

The above exception was the direct cause of the following exception:

Traceback (most recent call last):
  File "/scratch/phys/sin/sethih1/venv/masque_env/lib/python3.11/site-packages/wandb/sdk/interface/router.py", line 56, in message_loop
    msg = self._read_message()
          ^^^^^^^^^^^^^^^^^^^^
  File "/scratch/phys/sin/sethih1/venv/masque_env/lib/python3.11/site-packages/wandb/sdk/interface/router_sock.py", line 29, in _read_message
    raise MessageRouterClosedError from e
wandb.sdk.interface.router.MessageRouterClosedError
2025-10-15 19:21:08,896 INFO    MsgRouterThr:4187564 [mailbox.py:close():129] [no run ID] Closing mailbox, abandoning 1 handles.
2025-10-15 19:21:08,896 INFO    MsgRouterThr:4187564 [mailbox.py:close():129] [no run ID] Closing mailbox, abandoning 1 handles.
2025-10-15 19:21:11,760 INFO    MsgRouterThr:4187564 [mailbox.py:close():129] [no run ID] Closing mailbox, abandoning 1 handles.
