[I 2025-05-23 16:54:11,109] A new study created in memory with name: no-name-509d5c14-e140-40a7-83ae-4a448e98e529
/home/sethih1/masque_new/ters_gen/hyperopt.py:30: FutureWarning: suggest_int() got {'step'} as positional arguments but they were expected to be given as keyword arguments.
  batch_size = trial.suggest_int('batch_size', *config.training.batch_sizes)
/scratch/phys/sin/sethih1/venv/masque_env/lib/python3.11/site-packages/optuna/distributions.py:699: UserWarning: The distribution is specified by [32, 64] and step=128, but the range is not divisible by `step`. It will be replaced by [32, 32].
  warnings.warn(
/home/sethih1/masque_new/ters_gen/hyperopt.py:31: FutureWarning: suggest_loguniform has been deprecated in v3.0.0. This feature will be removed in v6.0.0. See https://github.com/optuna/optuna/releases/tag/v3.0.0. Use suggest_float(..., log=True) instead.
  lr = trial.suggest_loguniform('lr', config.training.learning_rates[0], config.training.learning_rates[-1])
[W 2025-05-23 16:54:11,786] Trial 0 failed with parameters: {'batch_size': 32, 'lr': 0.00013070336810741786, 'loss_fn': 'bce_loss'} because of the following error: AttributeError(KeyError('\'epoch\'\nDid you mean "epochs" instead of "epoch"?')).
Traceback (most recent call last):
  File "/scratch/phys/sin/sethih1/venv/masque_env/lib/python3.11/site-packages/ml_collections/config_dict/config_dict.py", line 947, in __getitem__
    field = self._fields[key]
            ~~~~~~~~~~~~^^^^^
KeyError: 'epoch'

During handling of the above exception, another exception occurred:

Traceback (most recent call last):
  File "/scratch/phys/sin/sethih1/venv/masque_env/lib/python3.11/site-packages/ml_collections/config_dict/config_dict.py", line 849, in __getattr__
    return self[attribute]
           ~~~~^^^^^^^^^^^
  File "/scratch/phys/sin/sethih1/venv/masque_env/lib/python3.11/site-packages/ml_collections/config_dict/config_dict.py", line 953, in __getitem__
    raise KeyError(self._generate_did_you_mean_message(key, str(e)))
KeyError: '\'epoch\'\nDid you mean "epochs" instead of "epoch"?'

During handling of the above exception, another exception occurred:

Traceback (most recent call last):
  File "/scratch/phys/sin/sethih1/venv/masque_env/lib/python3.11/site-packages/optuna/study/_optimize.py", line 197, in _run_trial
    value_or_values = func(trial)
                      ^^^^^^^^^^^
  File "/home/sethih1/masque_new/ters_gen/hyperopt.py", line 116, in <lambda>
    study.optimize(lambda t: objective(t, config, device), n_trials = config.training.n_trials, n_jobs=config.training.n_jobs)
                             ^^^^^^^^^^^^^^^^^^^^^^^^^^^^
  File "/home/sethih1/masque_new/ters_gen/hyperopt.py", line 93, in objective
    trainer.train(epochs=config.training.epoch)
                         ^^^^^^^^^^^^^^^^^^^^^
  File "/scratch/phys/sin/sethih1/venv/masque_env/lib/python3.11/site-packages/ml_collections/config_dict/config_dict.py", line 851, in __getattr__
    raise AttributeError(e)
AttributeError: '\'epoch\'\nDid you mean "epochs" instead of "epoch"?'
[W 2025-05-23 16:54:11,802] Trial 0 failed with value None.
[Trial 0] Trying batch_size=32, lr=0.00013070336810741786, loss_fn=bce_loss
Traceback (most recent call last):
  File "/scratch/phys/sin/sethih1/venv/masque_env/lib/python3.11/site-packages/ml_collections/config_dict/config_dict.py", line 947, in __getitem__
    field = self._fields[key]
            ~~~~~~~~~~~~^^^^^
KeyError: 'epoch'

During handling of the above exception, another exception occurred:

Traceback (most recent call last):
  File "/scratch/phys/sin/sethih1/venv/masque_env/lib/python3.11/site-packages/ml_collections/config_dict/config_dict.py", line 849, in __getattr__
    return self[attribute]
           ~~~~^^^^^^^^^^^
  File "/scratch/phys/sin/sethih1/venv/masque_env/lib/python3.11/site-packages/ml_collections/config_dict/config_dict.py", line 953, in __getitem__
    raise KeyError(self._generate_did_you_mean_message(key, str(e)))
KeyError: '\'epoch\'\nDid you mean "epochs" instead of "epoch"?'

During handling of the above exception, another exception occurred:

Traceback (most recent call last):
  File "/home/sethih1/masque_new/ters_gen/hyperopt.py", line 125, in <module>
    main()
  File "/home/sethih1/masque_new/ters_gen/hyperopt.py", line 116, in main
    study.optimize(lambda t: objective(t, config, device), n_trials = config.training.n_trials, n_jobs=config.training.n_jobs)
  File "/scratch/phys/sin/sethih1/venv/masque_env/lib/python3.11/site-packages/optuna/study/study.py", line 475, in optimize
    _optimize(
  File "/scratch/phys/sin/sethih1/venv/masque_env/lib/python3.11/site-packages/optuna/study/_optimize.py", line 63, in _optimize
    _optimize_sequential(
  File "/scratch/phys/sin/sethih1/venv/masque_env/lib/python3.11/site-packages/optuna/study/_optimize.py", line 160, in _optimize_sequential
    frozen_trial = _run_trial(study, func, catch)
                   ^^^^^^^^^^^^^^^^^^^^^^^^^^^^^^
  File "/scratch/phys/sin/sethih1/venv/masque_env/lib/python3.11/site-packages/optuna/study/_optimize.py", line 248, in _run_trial
    raise func_err
  File "/scratch/phys/sin/sethih1/venv/masque_env/lib/python3.11/site-packages/optuna/study/_optimize.py", line 197, in _run_trial
    value_or_values = func(trial)
                      ^^^^^^^^^^^
  File "/home/sethih1/masque_new/ters_gen/hyperopt.py", line 116, in <lambda>
    study.optimize(lambda t: objective(t, config, device), n_trials = config.training.n_trials, n_jobs=config.training.n_jobs)
                             ^^^^^^^^^^^^^^^^^^^^^^^^^^^^
  File "/home/sethih1/masque_new/ters_gen/hyperopt.py", line 93, in objective
    trainer.train(epochs=config.training.epoch)
                         ^^^^^^^^^^^^^^^^^^^^^
  File "/scratch/phys/sin/sethih1/venv/masque_env/lib/python3.11/site-packages/ml_collections/config_dict/config_dict.py", line 851, in __getattr__
    raise AttributeError(e)
AttributeError: '\'epoch\'\nDid you mean "epochs" instead of "epoch"?'. Did you mean: 'epochs'?
