Epoch    3/50, time: 31.66 s, val_loss: 0.867
Epoch   18/50, time: 72.84 s, training_loss: 0.441
Epoch   18/50, time: 38.93 s, val_loss: 0.503
Epoch    4/50, time: 78.90 s, training_loss: 0.858
Epoch    1/50, time: 102.09 s, training_loss: 0.913
Epoch   20/50, time: 111.95 s, training_loss: 0.801
Epoch    4/50, time: 30.12 s, val_loss: 0.854
Epoch   19/50, time: 71.62 s, training_loss: 0.396
Epoch    1/50, time: 32.30 s, val_loss: 0.894
Epoch   20/50, time: 31.67 s, val_loss: 0.824
Epoch   19/50, time: 35.32 s, val_loss: 0.497
Epoch    5/50, time: 92.68 s, training_loss: 0.844
Epoch    5/50, time: 34.95 s, val_loss: 0.840
Epoch   20/50, time: 83.07 s, training_loss: 0.376
Epoch   21/50, time: 109.13 s, training_loss: 0.793
Epoch   20/50, time: 34.99 s, val_loss: 0.475
Epoch   21/50, time: 36.62 s, val_loss: 0.826
Epoch    6/50, time: 73.30 s, training_loss: 0.829
Training Metrics:
Accuracy: 0.8542
Precision: 0.1031
Recall: 0.8347
F1 Score: 0.1835
IoU: 0.1010
Dice Coefficient: 0.1835
Validation Metrics:
Accuracy: 0.8216
Precision: 0.0924
Recall: 0.9520
F1 Score: 0.1684
IoU: 0.0919
Dice Coefficient: 0.1684
Epoch   21/50, time: 70.02 s, training_loss: 0.359
Epoch    6/50, time: 36.36 s, val_loss: 0.821
Epoch   21/50, time: 37.99 s, val_loss: 0.497
Epoch    7/50, time: 74.50 s, training_loss: 0.815
Epoch    2/50, time: 115.88 s, training_loss: 0.882
Training Metrics:
Accuracy: 0.7262
Precision: 0.0604
Recall: 0.8901
F1 Score: 0.1132
IoU: 0.0600
Dice Coefficient: 0.1132
Validation Metrics:
Accuracy: 0.6942
Precision: 0.0519
Recall: 0.8764
F1 Score: 0.0981
IoU: 0.0516
Dice Coefficient: 0.0981
Epoch    7/50, time: 31.26 s, val_loss: 0.811
Epoch    2/50, time: 36.38 s, val_loss: 0.883
Epoch    8/50, time: 71.47 s, training_loss: 0.799
Training Metrics:
Accuracy: 0.9291
Precision: 0.1807
Recall: 0.7393
F1 Score: 0.2904
IoU: 0.1699
Dice Coefficient: 0.2904
Validation Metrics:
Accuracy: 0.9334
Precision: 0.1652
Recall: 0.6202
F1 Score: 0.2610
IoU: 0.1501
Dice Coefficient: 0.2610
Epoch    8/50, time: 34.22 s, val_loss: 0.798
Epoch   22/50, time: 108.52 s, training_loss: 0.788
Epoch    3/50, time: 107.51 s, training_loss: 0.866
Epoch   22/50, time: 75.09 s, training_loss: 0.335
Epoch   22/50, time: 42.41 s, val_loss: 0.801
Epoch    3/50, time: 37.25 s, val_loss: 0.869
Epoch   22/50, time: 33.48 s, val_loss: 0.499
Epoch    9/50, time: 80.72 s, training_loss: 0.785
Epoch    9/50, time: 54.20 s, val_loss: 0.779
Epoch   23/50, time: 81.65 s, training_loss: 0.327
Epoch    4/50, time: 105.49 s, training_loss: 0.849
Epoch   23/50, time: 128.44 s, training_loss: 0.783
Epoch   23/50, time: 32.09 s, val_loss: 0.432
Epoch    4/50, time: 36.57 s, val_loss: 0.836
Epoch   10/50, time: 72.84 s, training_loss: 0.769
Epoch   23/50, time: 38.56 s, val_loss: 0.827
Epoch   10/50, time: 53.87 s, val_loss: 0.762
Epoch   24/50, time: 76.60 s, training_loss: 0.325
Epoch   24/50, time: 29.24 s, val_loss: 0.436
Epoch    5/50, time: 141.27 s, training_loss: 0.832
Epoch   11/50, time: 82.43 s, training_loss: 0.753
Epoch   24/50, time: 135.09 s, training_loss: 0.779
Epoch   25/50, time: 73.97 s, training_loss: 0.316
Epoch    5/50, time: 32.16 s, val_loss: 0.798
Epoch   11/50, time: 30.86 s, val_loss: 0.754
Epoch   24/50, time: 32.96 s, val_loss: 0.798
Epoch   25/50, time: 36.09 s, val_loss: 0.426
Epoch   26/50, time: 73.31 s, training_loss: 0.329
Epoch   25/50, time: 106.63 s, training_loss: 0.769
Epoch    6/50, time: 115.09 s, training_loss: 0.814
Epoch   26/50, time: 31.38 s, val_loss: 0.416
Training Metrics:
Accuracy: 0.9215
Precision: 0.1888
Recall: 0.9103
F1 Score: 0.3128
IoU: 0.1854
Dice Coefficient: 0.3128
Validation Metrics:
Accuracy: 0.9242
Precision: 0.1854
Recall: 0.8819
F1 Score: 0.3063
IoU: 0.1809
Dice Coefficient: 0.3063
Epoch   25/50, time: 32.46 s, val_loss: 0.836
Epoch    6/50, time: 31.75 s, val_loss: 0.790
Epoch   12/50, time: 84.17 s, training_loss: 0.741
Epoch   27/50, time: 97.40 s, training_loss: 0.300
Epoch    7/50, time: 110.41 s, training_loss: 0.804
Epoch   12/50, time: 34.74 s, val_loss: 0.733
Epoch   26/50, time: 114.56 s, training_loss: 0.758
Epoch   27/50, time: 38.28 s, val_loss: 0.414
Epoch    7/50, time: 33.79 s, val_loss: 0.771
Epoch   26/50, time: 39.60 s, val_loss: 0.790
Epoch   13/50, time: 84.91 s, training_loss: 0.728
Epoch   28/50, time: 71.55 s, training_loss: 0.268
Epoch   13/50, time: 35.04 s, val_loss: 0.729
Epoch   28/50, time: 36.03 s, val_loss: 0.420
Epoch    8/50, time: 127.96 s, training_loss: 0.793
Epoch   27/50, time: 129.97 s, training_loss: 0.755
Epoch    8/50, time: 35.29 s, val_loss: 0.787
Epoch   14/50, time: 79.71 s, training_loss: 0.713
Epoch   29/50, time: 80.22 s, training_loss: 0.264
Epoch   27/50, time: 38.86 s, val_loss: 0.786
Epoch   14/50, time: 36.43 s, val_loss: 0.718
Epoch   29/50, time: 37.04 s, val_loss: 0.422
Epoch   28/50, time: 100.14 s, training_loss: 0.739
Epoch    9/50, time: 121.93 s, training_loss: 0.776
Epoch   15/50, time: 86.39 s, training_loss: 0.694
Epoch   30/50, time: 85.59 s, training_loss: 0.267
Epoch   28/50, time: 35.10 s, val_loss: 0.779
Epoch    9/50, time: 32.90 s, val_loss: 0.765
Epoch   15/50, time: 32.67 s, val_loss: 0.697
Epoch   30/50, time: 33.06 s, val_loss: 0.421
Epoch   16/50, time: 77.48 s, training_loss: 0.678
Epoch   31/50, time: 74.72 s, training_loss: 0.254
Epoch   29/50, time: 101.99 s, training_loss: 0.723
Epoch   10/50, time: 111.94 s, training_loss: 0.761
Epoch   31/50, time: 30.71 s, val_loss: 0.397
Epoch   16/50, time: 33.06 s, val_loss: 0.671
Epoch   29/50, time: 33.36 s, val_loss: 0.800
Epoch   10/50, time: 34.23 s, val_loss: 0.759
Epoch   17/50, time: 79.04 s, training_loss: 0.661
Epoch   17/50, time: 35.67 s, val_loss: 0.669
Epoch   30/50, time: 106.45 s, training_loss: 0.708
Epoch   11/50, time: 108.72 s, training_loss: 0.752
Training Metrics:
Accuracy: 0.9782
Precision: 0.4686
Recall: 0.8290
F1 Score: 0.5987
IoU: 0.4273
Dice Coefficient: 0.5987
Validation Metrics:
Accuracy: 0.9739
Precision: 0.3854
Recall: 0.6367
F1 Score: 0.4802
IoU: 0.3159
Dice Coefficient: 0.4802
Epoch   30/50, time: 34.63 s, val_loss: 0.775
Epoch   11/50, time: 34.40 s, val_loss: 0.747
Epoch   18/50, time: 69.36 s, training_loss: 0.645
Epoch   32/50, time: 73.53 s, training_loss: 0.235
Epoch   18/50, time: 32.92 s, val_loss: 0.662
Epoch   32/50, time: 30.49 s, val_loss: 0.389
Epoch   31/50, time: 114.74 s, training_loss: 0.698
Epoch   19/50, time: 72.49 s, training_loss: 0.624
Epoch   31/50, time: 34.90 s, val_loss: 0.792
Epoch   33/50, time: 66.71 s, training_loss: 0.231
Epoch   19/50, time: 34.34 s, val_loss: 0.639
Training Metrics:
Accuracy: 0.9147
Precision: 0.1724
Recall: 0.8811
F1 Score: 0.2884
IoU: 0.1685
Dice Coefficient: 0.2884
Validation Metrics:
Accuracy: 0.9153
Precision: 0.1699
Recall: 0.8922
F1 Score: 0.2855
IoU: 0.1665
Dice Coefficient: 0.2855
Epoch   33/50, time: 32.16 s, val_loss: 0.409
Epoch   20/50, time: 72.20 s, training_loss: 0.609
Epoch   34/50, time: 68.15 s, training_loss: 0.230
Epoch   20/50, time: 34.59 s, val_loss: 0.640
Epoch   12/50, time: 102.65 s, training_loss: 0.738
Epoch   34/50, time: 34.32 s, val_loss: 0.385
Training Metrics:
Accuracy: 0.7134
Precision: 0.0544
Recall: 0.8305
F1 Score: 0.1021
IoU: 0.0538
Dice Coefficient: 0.1021
Validation Metrics:
Accuracy: 0.6305
Precision: 0.0390
Recall: 0.7823
F1 Score: 0.0743
IoU: 0.0386
Dice Coefficient: 0.0743
Epoch   12/50, time: 36.40 s, val_loss: 0.736
Epoch   21/50, time: 75.22 s, training_loss: 0.593
Epoch   35/50, time: 77.90 s, training_loss: 0.218
Epoch   21/50, time: 34.14 s, val_loss: 0.635
Epoch   35/50, time: 32.70 s, val_loss: 0.380
Epoch   32/50, time: 104.25 s, training_loss: 0.687
Epoch   13/50, time: 109.14 s, training_loss: 0.731
Epoch   32/50, time: 36.64 s, val_loss: 0.758
Epoch   13/50, time: 31.21 s, val_loss: 0.733
Epoch   36/50, time: 71.61 s, training_loss: 0.200
Epoch   36/50, time: 34.94 s, val_loss: 0.384
Training Metrics:
Accuracy: 0.9689
Precision: 0.3446
Recall: 0.6487
F1 Score: 0.4501
IoU: 0.2904
Dice Coefficient: 0.4501
Validation Metrics:
Accuracy: 0.9679
Precision: 0.3113
Recall: 0.5721
F1 Score: 0.4033
IoU: 0.2525
Dice Coefficient: 0.4033
Epoch   33/50, time: 101.05 s, training_loss: 0.673
Epoch   14/50, time: 104.07 s, training_loss: 0.726
Epoch   37/50, time: 72.85 s, training_loss: 0.208
Epoch   22/50, time: 71.73 s, training_loss: 0.582
Epoch   33/50, time: 33.62 s, val_loss: 0.739
Epoch   14/50, time: 31.37 s, val_loss: 0.724
Epoch   37/50, time: 31.43 s, val_loss: 0.378
Epoch   22/50, time: 36.66 s, val_loss: 0.630
Epoch   34/50, time: 100.65 s, training_loss: 0.660
Epoch   38/50, time: 89.70 s, training_loss: 0.199
Epoch   15/50, time: 117.00 s, training_loss: 0.716
Epoch   23/50, time: 89.17 s, training_loss: 0.571
Epoch   34/50, time: 32.62 s, val_loss: 0.736
Epoch   38/50, time: 34.34 s, val_loss: 0.411
Epoch   15/50, time: 32.63 s, val_loss: 0.709
Epoch   23/50, time: 31.73 s, val_loss: 0.626
Epoch   39/50, time: 85.61 s, training_loss: 0.197
Epoch   35/50, time: 98.44 s, training_loss: 0.653
Epoch   24/50, time: 84.33 s, training_loss: 0.552
Epoch   39/50, time: 32.76 s, val_loss: 0.384
Epoch   35/50, time: 29.88 s, val_loss: 0.725
Epoch   16/50, time: 110.18 s, training_loss: 0.707
Epoch   24/50, time: 34.73 s, val_loss: 0.606
Epoch   16/50, time: 34.55 s, val_loss: 0.699
Epoch   40/50, time: 68.99 s, training_loss: 0.190
Epoch   25/50, time: 68.80 s, training_loss: 0.540
Epoch   40/50, time: 33.43 s, val_loss: 0.374
Epoch   36/50, time: 101.38 s, training_loss: 0.639
Epoch   25/50, time: 32.90 s, val_loss: 0.598
Epoch   36/50, time: 31.76 s, val_loss: 0.751
Epoch   17/50, time: 101.83 s, training_loss: 0.705
Epoch   41/50, time: 72.24 s, training_loss: 0.192
Epoch   17/50, time: 34.85 s, val_loss: 0.693
Epoch   26/50, time: 70.65 s, training_loss: 0.524
Epoch   41/50, time: 33.86 s, val_loss: 0.376
Epoch   26/50, time: 35.23 s, val_loss: 0.592
Epoch   37/50, time: 106.54 s, training_loss: 0.613
Epoch   18/50, time: 100.69 s, training_loss: 0.691
Epoch   37/50, time: 34.77 s, val_loss: 0.699
Epoch   27/50, time: 73.33 s, training_loss: 0.512
Epoch   18/50, time: 32.07 s, val_loss: 0.682
Epoch   27/50, time: 31.48 s, val_loss: 0.594
Training Metrics:
Accuracy: 0.9931
Precision: 0.8245
Recall: 0.8262
F1 Score: 0.8253
IoU: 0.7026
Dice Coefficient: 0.8253
Validation Metrics:
Accuracy: 0.9865
Precision: 0.6484
Recall: 0.6258
F1 Score: 0.6369
IoU: 0.4673
Dice Coefficient: 0.6369
Epoch   38/50, time: 106.32 s, training_loss: 0.593
Epoch   28/50, time: 73.78 s, training_loss: 0.501
Epoch   42/50, time: 71.30 s, training_loss: 0.166
Epoch   19/50, time: 101.63 s, training_loss: 0.681
Epoch   38/50, time: 32.30 s, val_loss: 0.693
Epoch   28/50, time: 32.17 s, val_loss: 0.589
Epoch   42/50, time: 32.49 s, val_loss: 0.382
Epoch   19/50, time: 34.16 s, val_loss: 0.675
Epoch   29/50, time: 74.84 s, training_loss: 0.495
Epoch   43/50, time: 72.66 s, training_loss: 0.169
Epoch   39/50, time: 103.17 s, training_loss: 0.583
Epoch   29/50, time: 33.27 s, val_loss: 0.580
Epoch   20/50, time: 101.68 s, training_loss: 0.671
Epoch   43/50, time: 33.09 s, val_loss: 0.368
Epoch   39/50, time: 31.99 s, val_loss: 0.713
Epoch   20/50, time: 34.88 s, val_loss: 0.655
Epoch   30/50, time: 71.45 s, training_loss: 0.476
Epoch   44/50, time: 71.80 s, training_loss: 0.164
Epoch   30/50, time: 32.76 s, val_loss: 0.593
Epoch   44/50, time: 31.45 s, val_loss: 0.370
Epoch   40/50, time: 105.22 s, training_loss: 0.566
Epoch   21/50, time: 107.04 s, training_loss: 0.658
Epoch   40/50, time: 35.12 s, val_loss: 0.699
Epoch   31/50, time: 69.67 s, training_loss: 0.469
Epoch   45/50, time: 67.83 s, training_loss: 0.165
Epoch   21/50, time: 34.32 s, val_loss: 0.652
Epoch   31/50, time: 32.29 s, val_loss: 0.582
Epoch   45/50, time: 32.46 s, val_loss: 0.364
Epoch   41/50, time: 105.10 s, training_loss: 0.576
Epoch   46/50, time: 70.86 s, training_loss: 0.157
Epoch   41/50, time: 33.83 s, val_loss: 0.680
Epoch   46/50, time: 32.88 s, val_loss: 0.357
Training Metrics:
Accuracy: 0.9491
Precision: 0.2402
Recall: 0.7360
F1 Score: 0.3622
IoU: 0.2212
Dice Coefficient: 0.3622
Validation Metrics:
Accuracy: 0.9529
Precision: 0.2453
Recall: 0.7136
F1 Score: 0.3651
IoU: 0.2233
Dice Coefficient: 0.3651
Training Metrics:
Accuracy: 0.9766
Precision: 0.4416
Recall: 0.7270
F1 Score: 0.5494
IoU: 0.3787
Dice Coefficient: 0.5494
Validation Metrics:
Accuracy: 0.9717
Precision: 0.3489
Recall: 0.5699
F1 Score: 0.4329
IoU: 0.2762
Dice Coefficient: 0.4329
[W 2025-07-03 22:39:39,675] Trial 40 failed with parameters: {'batch_size': 128, 'lr': 0.0001935142899932494, 'loss_fn': 'dice_loss', 'augmentation': False, 'filters_idx': 2, 'in_channels': 400, 'att_channels': 64} because of the following error: RuntimeError('DataLoader worker (pid(s) 2576861) exited unexpectedly').
Traceback (most recent call last):
  File "/scratch/phys/sin/sethih1/venv/masque_env/lib/python3.11/site-packages/torch/utils/data/dataloader.py", line 1243, in _try_get_data
    data = self._data_queue.get(timeout=timeout)
           ^^^^^^^^^^^^^^^^^^^^^^^^^^^^^^^^^^^^^
  File "/appl/scibuilder-spack/aalto-rhel9-prod/2024-01/software/linux-rhel9-haswell/gcc-12.3.0/python-3.11.6-nvttrbg/lib/python3.11/multiprocessing/queues.py", line 114, in get
    raise Empty
_queue.Empty

The above exception was the direct cause of the following exception:

Traceback (most recent call last):
  File "/scratch/phys/sin/sethih1/venv/masque_env/lib/python3.11/site-packages/optuna/study/_optimize.py", line 197, in _run_trial
    value_or_values = func(trial)
                      ^^^^^^^^^^^
  File "/home/sethih1/masque_new/ters_gen/hyperopt.py", line 165, in <lambda>
    lambda t: objective(t, config, gpu_queue, args.use_wandb),
              ^^^^^^^^^^^^^^^^^^^^^^^^^^^^^^^^^^^^^^^^^^^^^^^
  File "/home/sethih1/masque_new/ters_gen/hyperopt.py", line 116, in objective
    trainer.train(epochs=config.training.epochs)
  File "/home/sethih1/masque_new/ters_gen/src/trainer/trainer_image_to_image.py", line 89, in train
    self.evaluate_model_metrics(self.model, epoch)
  File "/home/sethih1/masque_new/ters_gen/src/trainer/trainer_image_to_image.py", line 205, in evaluate_model_metrics
    train_metrics = self.compute_metrics(model, train_loader)
                    ^^^^^^^^^^^^^^^^^^^^^^^^^^^^^^^^^^^^^^^^^
  File "/home/sethih1/masque_new/ters_gen/src/trainer/trainer_image_to_image.py", line 160, in compute_metrics
    for batch in data_loader:
  File "/scratch/phys/sin/sethih1/venv/masque_env/lib/python3.11/site-packages/torch/utils/data/dataloader.py", line 701, in __next__
    data = self._next_data()
           ^^^^^^^^^^^^^^^^^
  File "/scratch/phys/sin/sethih1/venv/masque_env/lib/python3.11/site-packages/torch/utils/data/dataloader.py", line 1448, in _next_data
    idx, data = self._get_data()
                ^^^^^^^^^^^^^^^^
  File "/scratch/phys/sin/sethih1/venv/masque_env/lib/python3.11/site-packages/torch/utils/data/dataloader.py", line 1412, in _get_data
    success, data = self._try_get_data()
                    ^^^^^^^^^^^^^^^^^^^^
  File "/scratch/phys/sin/sethih1/venv/masque_env/lib/python3.11/site-packages/torch/utils/data/dataloader.py", line 1256, in _try_get_data
    raise RuntimeError(
RuntimeError: DataLoader worker (pid(s) 2576861) exited unexpectedly
[W 2025-07-03 22:39:39,679] Trial 40 failed with value None.
Epoch   47/50, time: 78.57 s, training_loss: 0.155
Epoch   32/50, time: 84.00 s, training_loss: 0.452
Epoch   47/50, time: 45.54 s, val_loss: 0.362
Epoch   22/50, time: 126.80 s, training_loss: 0.649
Epoch   32/50, time: 41.10 s, val_loss: 0.595
Epoch   22/50, time: 37.60 s, val_loss: 0.640
Epoch   48/50, time: 77.20 s, training_loss: 0.146
Epoch   48/50, time: 31.55 s, val_loss: 0.357
Epoch   33/50, time: 71.21 s, training_loss: 0.445
Epoch   33/50, time: 31.41 s, val_loss: 0.577
Epoch   49/50, time: 68.01 s, training_loss: 0.144
Epoch   23/50, time: 104.95 s, training_loss: 0.640
Epoch   34/50, time: 64.68 s, training_loss: 0.437
Epoch   49/50, time: 32.78 s, val_loss: 0.360
Epoch   23/50, time: 31.74 s, val_loss: 0.636
Epoch   34/50, time: 34.41 s, val_loss: 0.579
Epoch   50/50, time: 67.36 s, training_loss: 0.142
Epoch   35/50, time: 64.66 s, training_loss: 0.429
Epoch   50/50, time: 31.16 s, val_loss: 0.362
Epoch   24/50, time: 100.42 s, training_loss: 0.634
Epoch   35/50, time: 30.11 s, val_loss: 0.581
Epoch   24/50, time: 30.57 s, val_loss: 0.634
Epoch   36/50, time: 68.37 s, training_loss: 0.413
Training Metrics:
Accuracy: 0.9944
Precision: 0.8456
Recall: 0.8732
F1 Score: 0.8592
IoU: 0.7531
Dice Coefficient: 0.8592
Validation Metrics:
Accuracy: 0.9868
Precision: 0.6534
Recall: 0.6505
F1 Score: 0.6520
IoU: 0.4836
Dice Coefficient: 0.6520
Epoch   36/50, time: 31.92 s, val_loss: 0.575
Epoch   25/50, time: 96.92 s, training_loss: 0.624
Epoch   25/50, time: 31.24 s, val_loss: 0.627
Test Metrics:
Accuracy: 0.9868
Precision: 0.6534
Recall: 0.6505
F1 Score: 0.6520
IoU: 0.4836
Dice Coefficient: 0.6520
[I 2025-07-03 22:48:43,662] Trial 41 finished with value: 0.6519622170538555 and parameters: {'batch_size': 32, 'lr': 0.0001900494231827059, 'loss_fn': 'dice_loss', 'augmentation': False, 'filters_idx': 2, 'in_channels': 400, 'att_channels': 64}. Best is trial 31 with value: 0.7656180817367019.
Epoch   37/50, time: 64.05 s, training_loss: 0.404
Epoch   37/50, time: 30.19 s, val_loss: 0.590
Epoch   26/50, time: 93.52 s, training_loss: 0.618
Epoch   38/50, time: 63.84 s, training_loss: 0.398
Epoch   26/50, time: 30.48 s, val_loss: 0.618
Epoch   38/50, time: 31.68 s, val_loss: 0.586
Epoch   27/50, time: 92.77 s, training_loss: 0.611
Epoch   39/50, time: 63.35 s, training_loss: 0.392
Epoch   27/50, time: 28.47 s, val_loss: 0.629
Epoch   39/50, time: 29.16 s, val_loss: 0.585
Epoch   40/50, time: 64.30 s, training_loss: 0.387
Epoch   40/50, time: 30.95 s, val_loss: 0.587
Epoch   28/50, time: 99.65 s, training_loss: 0.617
Epoch   28/50, time: 30.82 s, val_loss: 0.613
Epoch   41/50, time: 65.33 s, training_loss: 0.380
Epoch   41/50, time: 29.24 s, val_loss: 0.574
Epoch   29/50, time: 92.87 s, training_loss: 0.605
Epoch   29/50, time: 29.74 s, val_loss: 0.601
Training Metrics:
Accuracy: 0.9838
Precision: 0.5691
Recall: 0.7224
F1 Score: 0.6367
IoU: 0.4670
Dice Coefficient: 0.6367
Validation Metrics:
Accuracy: 0.9760
Precision: 0.3941
Recall: 0.4895
F1 Score: 0.4366
IoU: 0.2793
Dice Coefficient: 0.4366
Epoch   30/50, time: 98.32 s, training_loss: 0.598
Epoch   42/50, time: 62.83 s, training_loss: 0.370
Epoch   30/50, time: 30.49 s, val_loss: 0.597
Epoch   42/50, time: 29.64 s, val_loss: 0.575
Epoch   43/50, time: 64.43 s, training_loss: 0.364
Epoch   31/50, time: 95.13 s, training_loss: 0.592
Epoch   43/50, time: 29.54 s, val_loss: 0.571
Epoch   31/50, time: 29.30 s, val_loss: 0.591
Epoch   44/50, time: 62.33 s, training_loss: 0.359
Epoch   44/50, time: 29.48 s, val_loss: 0.570
Epoch   45/50, time: 62.14 s, training_loss: 0.350
Training Metrics:
Accuracy: 0.9685
Precision: 0.3291
Recall: 0.5838
F1 Score: 0.4209
IoU: 0.2666
Dice Coefficient: 0.4209
Validation Metrics:
Accuracy: 0.9679
Precision: 0.3184
Recall: 0.6046
F1 Score: 0.4171
IoU: 0.2635
Dice Coefficient: 0.4171
Epoch   45/50, time: 31.53 s, val_loss: 0.576
Epoch   46/50, time: 63.14 s, training_loss: 0.345
Epoch   32/50, time: 96.51 s, training_loss: 0.586
Epoch   46/50, time: 29.34 s, val_loss: 0.578
Epoch   32/50, time: 30.52 s, val_loss: 0.600
Epoch   47/50, time: 62.62 s, training_loss: 0.335
Epoch   47/50, time: 30.48 s, val_loss: 0.581
Epoch   33/50, time: 93.63 s, training_loss: 0.588
Epoch   33/50, time: 31.09 s, val_loss: 0.601
Epoch   48/50, time: 63.61 s, training_loss: 0.332
Epoch   48/50, time: 30.47 s, val_loss: 0.577
Epoch   34/50, time: 101.56 s, training_loss: 0.581
Epoch   49/50, time: 62.25 s, training_loss: 0.326
Epoch   34/50, time: 30.01 s, val_loss: 0.579
Epoch   49/50, time: 30.38 s, val_loss: 0.583
Epoch   50/50, time: 62.46 s, training_loss: 0.320
Epoch   35/50, time: 97.38 s, training_loss: 0.577
Epoch   50/50, time: 30.90 s, val_loss: 0.576
Epoch   35/50, time: 29.70 s, val_loss: 0.586
Epoch   36/50, time: 93.97 s, training_loss: 0.572
Training Metrics:
Accuracy: 0.9863
Precision: 0.6234
Recall: 0.7569
F1 Score: 0.6837
IoU: 0.5194
Dice Coefficient: 0.6837
Validation Metrics:
Accuracy: 0.9767
Precision: 0.4043
Recall: 0.4778
F1 Score: 0.4380
IoU: 0.2804
Dice Coefficient: 0.4380
Epoch   36/50, time: 29.07 s, val_loss: 0.573
Test Metrics:
Accuracy: 0.9767
Precision: 0.4043
Recall: 0.4778
F1 Score: 0.4380
IoU: 0.2804
Dice Coefficient: 0.4380
[I 2025-07-03 23:14:26,954] Trial 42 finished with value: 0.4380117855590792 and parameters: {'batch_size': 32, 'lr': 0.00021869020487473258, 'loss_fn': 'dice_loss', 'augmentation': False, 'filters_idx': 0, 'in_channels': 400, 'att_channels': 32}. Best is trial 31 with value: 0.7656180817367019.
Epoch   37/50, time: 90.94 s, training_loss: 0.569
Epoch   37/50, time: 28.86 s, val_loss: 0.576
Epoch   38/50, time: 94.73 s, training_loss: 0.566
Epoch   38/50, time: 29.38 s, val_loss: 0.578
Epoch   39/50, time: 93.84 s, training_loss: 0.562
Epoch   39/50, time: 29.86 s, val_loss: 0.572
Epoch   40/50, time: 91.73 s, training_loss: 0.561
Epoch   40/50, time: 28.98 s, val_loss: 0.578
Epoch   41/50, time: 93.19 s, training_loss: 0.558
Epoch   41/50, time: 29.04 s, val_loss: 0.566
Training Metrics:
Accuracy: 0.9675
Precision: 0.3379
Recall: 0.6863
F1 Score: 0.4529
IoU: 0.2927
Dice Coefficient: 0.4529
Validation Metrics:
Accuracy: 0.9688
Precision: 0.3344
Recall: 0.6507
F1 Score: 0.4417
IoU: 0.2835
Dice Coefficient: 0.4417
Epoch   42/50, time: 91.07 s, training_loss: 0.550
Epoch   42/50, time: 29.06 s, val_loss: 0.576
Epoch   43/50, time: 93.49 s, training_loss: 0.549
Epoch   43/50, time: 29.47 s, val_loss: 0.567
Epoch   44/50, time: 92.12 s, training_loss: 0.543
Epoch   44/50, time: 29.41 s, val_loss: 0.574
Epoch   45/50, time: 93.90 s, training_loss: 0.543
Epoch   45/50, time: 29.56 s, val_loss: 0.562
Epoch   46/50, time: 92.20 s, training_loss: 0.541
Epoch   46/50, time: 29.89 s, val_loss: 0.562
Epoch   47/50, time: 93.06 s, training_loss: 0.537
Epoch   47/50, time: 29.31 s, val_loss: 0.563
Epoch   48/50, time: 94.84 s, training_loss: 0.533
Epoch   48/50, time: 30.15 s, val_loss: 0.556
Epoch   49/50, time: 90.76 s, training_loss: 0.533
Epoch   49/50, time: 28.50 s, val_loss: 0.561
Epoch   50/50, time: 95.62 s, training_loss: 0.529
Epoch   50/50, time: 28.85 s, val_loss: 0.554
Training Metrics:
Accuracy: 0.9753
Precision: 0.4081
Recall: 0.5764
F1 Score: 0.4778
IoU: 0.3139
Dice Coefficient: 0.4778
Validation Metrics:
Accuracy: 0.9751
Precision: 0.3877
Recall: 0.5392
F1 Score: 0.4511
IoU: 0.2912
Dice Coefficient: 0.4511
Test Metrics:
Accuracy: 0.9751
Precision: 0.3877
Recall: 0.5392
F1 Score: 0.4511
IoU: 0.2912
Dice Coefficient: 0.4511
