Exception in trial 1: CUDA error: invalid device ordinal
CUDA kernel errors might be asynchronously reported at some other API call, so the stacktrace below might be incorrect.
For debugging consider passing CUDA_LAUNCH_BLOCKING=1
Compile with `TORCH_USE_CUDA_DSA` to enable device-side assertions.
Exception in trial 3: CUDA error: invalid device ordinal
CUDA kernel errors might be asynchronously reported at some other API call, so the stacktrace below might be incorrect.
For debugging consider passing CUDA_LAUNCH_BLOCKING=1
Compile with `TORCH_USE_CUDA_DSA` to enable device-side assertions.
Traceback (most recent call last):
  File "/home/sethih1/masque_new/ters_gen/hyperopt.py", line 80, in objective
    model = get_model(config.model.type, model_params).to(device)
            ^^^^^^^^^^^^^^^^^^^^^^^^^^^^^^^^^^^^^^^^^^^^^^^^^^^^^
Traceback (most recent call last):
  File "/scratch/phys/sin/sethih1/venv/masque_env/lib/python3.11/site-packages/torch/nn/modules/module.py", line 1340, in to
    return self._apply(convert)
           ^^^^^^^^^^^^^^^^^^^^
  File "/home/sethih1/masque_new/ters_gen/hyperopt.py", line 80, in objective
    model = get_model(config.model.type, model_params).to(device)
            ^^^^^^^^^^^^^^^^^^^^^^^^^^^^^^^^^^^^^^^^^^^^^^^^^^^^^
  File "/scratch/phys/sin/sethih1/venv/masque_env/lib/python3.11/site-packages/torch/nn/modules/module.py", line 900, in _apply
    module._apply(fn)
  File "/scratch/phys/sin/sethih1/venv/masque_env/lib/python3.11/site-packages/torch/nn/modules/module.py", line 1340, in to
    return self._apply(convert)
           ^^^^^^^^^^^^^^^^^^^^
  File "/scratch/phys/sin/sethih1/venv/masque_env/lib/python3.11/site-packages/torch/nn/modules/module.py", line 927, in _apply
    param_applied = fn(param)
                    ^^^^^^^^^
  File "/scratch/phys/sin/sethih1/venv/masque_env/lib/python3.11/site-packages/torch/nn/modules/module.py", line 900, in _apply
    module._apply(fn)
  File "/scratch/phys/sin/sethih1/venv/masque_env/lib/python3.11/site-packages/torch/nn/modules/module.py", line 1326, in convert
    return t.to(
           ^^^^^
  File "/scratch/phys/sin/sethih1/venv/masque_env/lib/python3.11/site-packages/torch/nn/modules/module.py", line 927, in _apply
    param_applied = fn(param)
                    ^^^^^^^^^
RuntimeError: CUDA error: invalid device ordinal
CUDA kernel errors might be asynchronously reported at some other API call, so the stacktrace below might be incorrect.
For debugging consider passing CUDA_LAUNCH_BLOCKING=1
Compile with `TORCH_USE_CUDA_DSA` to enable device-side assertions.

  File "/scratch/phys/sin/sethih1/venv/masque_env/lib/python3.11/site-packages/torch/nn/modules/module.py", line 1326, in convert
    return t.to(
           ^^^^^
RuntimeError: CUDA error: invalid device ordinal
CUDA kernel errors might be asynchronously reported at some other API call, so the stacktrace below might be incorrect.
For debugging consider passing CUDA_LAUNCH_BLOCKING=1
Compile with `TORCH_USE_CUDA_DSA` to enable device-side assertions.

[W 2025-10-21 11:15:49,997] Trial 3 failed with parameters: {'batch_size': 32, 'lr': 2.3118024882355302e-05, 'loss_fn': 'dice_loss', 'augmentation': True, 'filters_idx': 3, 'in_channels': 400, 'att_channels': 16} because of the following error: UsageError('Run (qyizxj2m) is finished. The call to `log` will be ignored. Please make sure that you are using an active run.').
Traceback (most recent call last):
  File "/scratch/phys/sin/sethih1/venv/masque_env/lib/python3.11/site-packages/optuna/study/_optimize.py", line 197, in _run_trial
    value_or_values = func(trial)
                      ^^^^^^^^^^^
  File "/home/sethih1/masque_new/ters_gen/hyperopt.py", line 171, in <lambda>
    lambda t: objective(t, config, gpu_queue, args.use_wandb),
              ^^^^^^^^^^^^^^^^^^^^^^^^^^^^^^^^^^^^^^^^^^^^^^^
  File "/home/sethih1/masque_new/ters_gen/hyperopt.py", line 132, in objective
    wandb.log({"final_dice": final_dice, "trial": trial.number})
  File "/scratch/phys/sin/sethih1/venv/masque_env/lib/python3.11/site-packages/wandb/sdk/wandb_run.py", line 391, in wrapper
    return func(self, *args, **kwargs)
           ^^^^^^^^^^^^^^^^^^^^^^^^^^^
  File "/scratch/phys/sin/sethih1/venv/masque_env/lib/python3.11/site-packages/wandb/sdk/wandb_run.py", line 457, in wrapper_fn
    raise UsageError(message)
wandb.errors.errors.UsageError: Run (qyizxj2m) is finished. The call to `log` will be ignored. Please make sure that you are using an active run.
[W 2025-10-21 11:15:50,017] Trial 3 failed with value None.
wandb: uploading history steps 0-0, summary, console lines 0-46
wandb:
wandb:
wandb: Run history:
wandb: final_dice ‚ñÅ
wandb:      trial ‚ñÅ
wandb:
wandb: Run summary:
wandb: final_dice 0
wandb:      trial 1
wandb:
wandb: üöÄ View run trial_1_bs16_lr2e-05_dice_loss at: https://wandb.ai/sethih10-epfl/Extended_TERS_data/runs/qyizxj2m
wandb: ‚≠êÔ∏è View project at: https://wandb.ai/sethih10-epfl/Extended_TERS_data
wandb: Synced 5 W&B file(s), 0 media file(s), 0 artifact file(s) and 0 other file(s)
wandb: Find logs at: ./wandb/run-20251021_111546-qyizxj2m/logs
[I 2025-10-21 11:15:51,184] Trial 1 finished with value: 0.0 and parameters: {'batch_size': 16, 'lr': 1.6449534961658777e-05, 'loss_fn': 'dice_loss', 'augmentation': True, 'filters_idx': 1, 'in_channels': 100, 'att_channels': 16}. Best is trial 1 with value: 0.0.
