Epoch    1/50, time: 132.88 s, training_loss: 0.832
Epoch    1/50, time: 133.66 s, training_loss: 0.900Epoch    1/50, time: 133.66 s, training_loss: 0.918Epoch    1/50, time: 133.66 s, training_loss: 0.931


Epoch    1/50, time: 35.69 s, val_loss: 0.899
Epoch    1/50, time: 35.85 s, val_loss: 0.909
Epoch    1/50, time: 35.91 s, val_loss: 0.958
Epoch    1/50, time: 37.63 s, val_loss: 0.793
Exception in trial 1: DataLoader worker (pid(s) 2890718, 2890782, 2890911, 2890975, 2891039, 2891104) exited unexpectedly
Traceback (most recent call last):
  File "/scratch/phys/sin/sethih1/venv/masque_env/lib/python3.11/site-packages/torch/utils/data/dataloader.py", line 1243, in _try_get_data
    data = self._data_queue.get(timeout=timeout)
           ^^^^^^^^^^^^^^^^^^^^^^^^^^^^^^^^^^^^^
  File "/appl/scibuilder-spack/aalto-rhel9-prod/2024-01/software/linux-rhel9-haswell/gcc-12.3.0/python-3.11.6-nvttrbg/lib/python3.11/multiprocessing/queues.py", line 122, in get
    return _ForkingPickler.loads(res)
           ^^^^^^^^^^^^^^^^^^^^^^^^^^
  File "/scratch/phys/sin/sethih1/venv/masque_env/lib/python3.11/site-packages/torch/multiprocessing/reductions.py", line 541, in rebuild_storage_fd
    fd = df.detach()
         ^^^^^^^^^^^
  File "/appl/scibuilder-spack/aalto-rhel9-prod/2024-01/software/linux-rhel9-haswell/gcc-12.3.0/python-3.11.6-nvttrbg/lib/python3.11/multiprocessing/resource_sharer.py", line 57, in detach
    with _resource_sharer.get_connection(self._id) as conn:
         ^^^^^^^^^^^^^^^^^^^^^^^^^^^^^^^^^^^^^^^^^
  File "/appl/scibuilder-spack/aalto-rhel9-prod/2024-01/software/linux-rhel9-haswell/gcc-12.3.0/python-3.11.6-nvttrbg/lib/python3.11/multiprocessing/resource_sharer.py", line 86, in get_connection
    c = Client(address, authkey=process.current_process().authkey)
        ^^^^^^^^^^^^^^^^^^^^^^^^^^^^^^^^^^^^^^^^^^^^^^^^^^^^^^^^^^
  File "/appl/scibuilder-spack/aalto-rhel9-prod/2024-01/software/linux-rhel9-haswell/gcc-12.3.0/python-3.11.6-nvttrbg/lib/python3.11/multiprocessing/connection.py", line 518, in Client
    c = SocketClient(address)
        ^^^^^^^^^^^^^^^^^^^^^
  File "/appl/scibuilder-spack/aalto-rhel9-prod/2024-01/software/linux-rhel9-haswell/gcc-12.3.0/python-3.11.6-nvttrbg/lib/python3.11/multiprocessing/connection.py", line 646, in SocketClient
    s.connect(address)
ConnectionRefusedError: [Errno 111] Connection refused

The above exception was the direct cause of the following exception:

Traceback (most recent call last):
  File "/home/sethih1/masque_new/ters_gen/hyperopt.py", line 117, in objective
    trainer.train(epochs=config.training.epochs)
  File "/home/sethih1/masque_new/ters_gen/src/trainer/trainer_image_to_image.py", line 89, in train
    self.evaluate_model_metrics(self.model, epoch)
  File "/home/sethih1/masque_new/ters_gen/src/trainer/trainer_image_to_image.py", line 208, in evaluate_model_metrics
    val_metrics = self.compute_metrics(model, val_loader)
                  ^^^^^^^^^^^^^^^^^^^^^^^^^^^^^^^^^^^^^^^
  File "/home/sethih1/masque_new/ters_gen/src/trainer/trainer_image_to_image.py", line 160, in compute_metrics
    for batch in data_loader:
  File "/scratch/phys/sin/sethih1/venv/masque_env/lib/python3.11/site-packages/torch/utils/data/dataloader.py", line 701, in __next__
    data = self._next_data()
           ^^^^^^^^^^^^^^^^^
  File "/scratch/phys/sin/sethih1/venv/masque_env/lib/python3.11/site-packages/torch/utils/data/dataloader.py", line 1448, in _next_data
    idx, data = self._get_data()
                ^^^^^^^^^^^^^^^^
  File "/scratch/phys/sin/sethih1/venv/masque_env/lib/python3.11/site-packages/torch/utils/data/dataloader.py", line 1412, in _get_data
    success, data = self._try_get_data()
                    ^^^^^^^^^^^^^^^^^^^^
  File "/scratch/phys/sin/sethih1/venv/masque_env/lib/python3.11/site-packages/torch/utils/data/dataloader.py", line 1256, in _try_get_data
    raise RuntimeError(
RuntimeError: DataLoader worker (pid(s) 2890718, 2890782, 2890911, 2890975, 2891039, 2891104) exited unexpectedly
wandb: uploading data
wandb:
wandb: üöÄ View run trial_1_bs16_lr3e-05_dice_loss at: https://wandb.ai/sethih10-epfl/Posnet_50epochs_just_aug/runs/6tlms6i0
wandb: ‚≠êÔ∏è View project at: https://wandb.ai/sethih10-epfl/Posnet_50epochs_just_aug
wandb: Synced 5 W&B file(s), 0 media file(s), 0 artifact file(s) and 0 other file(s)
wandb: Find logs at: ./wandb/run-20250825_112332-6tlms6i0/logs
[I 2025-08-25 11:29:34,810] Trial 1 finished with value: 0.0 and parameters: {'batch_size': 16, 'lr': 3.12887341156063e-05, 'loss_fn': 'dice_loss', 'augmentation': True, 'filters_idx': 1, 'in_channels': 400, 'att_channels': 32}. Best is trial 1 with value: 0.0.
wandb: Finishing previous runs because reinit is set to True.
