Trial 1 using CPU
Exception in trial 1: DataLoader worker (pid(s) 968614) exited unexpectedly
Traceback (most recent call last):
  File "/scratch/phys/sin/sethih1/venv/masque_env/lib/python3.11/site-packages/torch/utils/data/dataloader.py", line 1243, in _try_get_data
    data = self._data_queue.get(timeout=timeout)
           ^^^^^^^^^^^^^^^^^^^^^^^^^^^^^^^^^^^^^
  File "/appl/scibuilder-spack/aalto-rhel9-prod/2024-01/software/linux-rhel9-haswell/gcc-12.3.0/python-3.11.6-nvttrbg/lib/python3.11/multiprocessing/queues.py", line 113, in get
    if not self._poll(timeout):
           ^^^^^^^^^^^^^^^^^^^
  File "/appl/scibuilder-spack/aalto-rhel9-prod/2024-01/software/linux-rhel9-haswell/gcc-12.3.0/python-3.11.6-nvttrbg/lib/python3.11/multiprocessing/connection.py", line 257, in poll
    return self._poll(timeout)
           ^^^^^^^^^^^^^^^^^^^
  File "/appl/scibuilder-spack/aalto-rhel9-prod/2024-01/software/linux-rhel9-haswell/gcc-12.3.0/python-3.11.6-nvttrbg/lib/python3.11/multiprocessing/connection.py", line 440, in _poll
    r = wait([self], timeout)
        ^^^^^^^^^^^^^^^^^^^^^
  File "/appl/scibuilder-spack/aalto-rhel9-prod/2024-01/software/linux-rhel9-haswell/gcc-12.3.0/python-3.11.6-nvttrbg/lib/python3.11/multiprocessing/connection.py", line 947, in wait
    ready = selector.select(timeout)
            ^^^^^^^^^^^^^^^^^^^^^^^^
  File "/appl/scibuilder-spack/aalto-rhel9-prod/2024-01/software/linux-rhel9-haswell/gcc-12.3.0/python-3.11.6-nvttrbg/lib/python3.11/selectors.py", line 415, in select
    fd_event_list = self._selector.poll(timeout)
                    ^^^^^^^^^^^^^^^^^^^^^^^^^^^^
  File "/scratch/phys/sin/sethih1/venv/masque_env/lib/python3.11/site-packages/torch/utils/data/_utils/signal_handling.py", line 73, in handler
    _error_if_any_worker_fails()
RuntimeError: DataLoader worker (pid 968614) is killed by signal: Killed.

The above exception was the direct cause of the following exception:

Traceback (most recent call last):
  File "/home/sethih1/masque_new/ters_gen/hyperopt.py", line 143, in objective
    trainer.train(epochs=config.training.epochs)
  File "/home/sethih1/masque_new/ters_gen/src/trainer/trainer_image_to_image.py", line 74, in train
    epoch_loss = self.train_epoch()
                 ^^^^^^^^^^^^^^^^^^
  File "/home/sethih1/masque_new/ters_gen/src/trainer/trainer_image_to_image.py", line 101, in train_epoch
    for i, batch in enumerate(self.train_loader):
  File "/scratch/phys/sin/sethih1/venv/masque_env/lib/python3.11/site-packages/torch/utils/data/dataloader.py", line 701, in __next__
    data = self._next_data()
           ^^^^^^^^^^^^^^^^^
  File "/scratch/phys/sin/sethih1/venv/masque_env/lib/python3.11/site-packages/torch/utils/data/dataloader.py", line 1448, in _next_data
    idx, data = self._get_data()
                ^^^^^^^^^^^^^^^^
  File "/scratch/phys/sin/sethih1/venv/masque_env/lib/python3.11/site-packages/torch/utils/data/dataloader.py", line 1412, in _get_data
    success, data = self._try_get_data()
                    ^^^^^^^^^^^^^^^^^^^^
  File "/scratch/phys/sin/sethih1/venv/masque_env/lib/python3.11/site-packages/torch/utils/data/dataloader.py", line 1256, in _try_get_data
    raise RuntimeError(
RuntimeError: DataLoader worker (pid(s) 968614) exited unexpectedly
